2022-02-19 21:24:31.333 +06:00 [INF] Application Starting up
2022-02-19 21:39:47.405 +06:00 [INF] Application Starting up
2022-02-19 21:39:48.210 +06:00 [FTL] Application start-up failed
System.InvalidCastException: Unable to cast object of type 'Microsoft.Extensions.DependencyInjection.ServiceCollection' to type 'Autofac.ContainerBuilder'.
   at Microsoft.Extensions.Hosting.Internal.ConfigureContainerAdapter`1.ConfigureContainer(HostBuilderContext hostContext, Object containerBuilder)
   at Microsoft.Extensions.Hosting.HostBuilder.CreateServiceProvider()
   at Microsoft.Extensions.Hosting.HostBuilder.Build()
   at DapperCRUD.Api.Program.Main(String[] args) in D:\GitHub\DapperCRUD\DapperCRUD.Api\Program.cs:line 32
2022-02-19 21:42:25.563 +06:00 [INF] Application Starting up
2022-02-19 21:42:26.160 +06:00 [FTL] Application start-up failed
System.InvalidCastException: Unable to cast object of type 'Microsoft.Extensions.DependencyInjection.ServiceCollection' to type 'Autofac.ContainerBuilder'.
   at Microsoft.Extensions.Hosting.Internal.ConfigureContainerAdapter`1.ConfigureContainer(HostBuilderContext hostContext, Object containerBuilder)
   at Microsoft.Extensions.Hosting.HostBuilder.CreateServiceProvider()
   at Microsoft.Extensions.Hosting.HostBuilder.Build()
   at DapperCRUD.Api.Program.Main(String[] args) in D:\GitHub\DapperCRUD\DapperCRUD.Api\Program.cs:line 32
2022-02-19 21:54:52.926 +06:00 [INF] Application Starting up
2022-02-19 21:54:53.861 +06:00 [FTL] Application start-up failed
System.InvalidCastException: Unable to cast object of type 'Microsoft.Extensions.DependencyInjection.ServiceCollection' to type 'Autofac.ContainerBuilder'.
   at Microsoft.Extensions.Hosting.Internal.ConfigureContainerAdapter`1.ConfigureContainer(HostBuilderContext hostContext, Object containerBuilder)
   at Microsoft.Extensions.Hosting.HostBuilder.CreateServiceProvider()
   at Microsoft.Extensions.Hosting.HostBuilder.Build()
   at DapperCRUD.Api.Program.Main(String[] args) in D:\GitHub\DapperCRUD\DapperCRUD.Api\Program.cs:line 32
2022-02-19 22:03:25.477 +06:00 [INF] Application Starting up
2022-02-19 22:04:27.875 +06:00 [FTL] Application start-up failed
System.InvalidCastException: Unable to cast object of type 'Microsoft.Extensions.DependencyInjection.ServiceCollection' to type 'Autofac.ContainerBuilder'.
   at Microsoft.Extensions.Hosting.Internal.ConfigureContainerAdapter`1.ConfigureContainer(HostBuilderContext hostContext, Object containerBuilder)
   at Microsoft.Extensions.Hosting.HostBuilder.CreateServiceProvider()
   at Microsoft.Extensions.Hosting.HostBuilder.Build()
   at DapperCRUD.Api.Program.Main(String[] args) in D:\GitHub\DapperCRUD\DapperCRUD.Api\Program.cs:line 32
2022-02-19 22:07:16.193 +06:00 [INF] Application Starting up
2022-02-19 22:07:20.022 +06:00 [FTL] Application start-up failed
System.InvalidCastException: Unable to cast object of type 'Microsoft.Extensions.DependencyInjection.ServiceCollection' to type 'Autofac.ContainerBuilder'.
   at Microsoft.Extensions.Hosting.Internal.ConfigureContainerAdapter`1.ConfigureContainer(HostBuilderContext hostContext, Object containerBuilder)
   at Microsoft.Extensions.Hosting.HostBuilder.CreateServiceProvider()
   at Microsoft.Extensions.Hosting.HostBuilder.Build()
   at DapperCRUD.Api.Program.Main(String[] args) in D:\GitHub\DapperCRUD\DapperCRUD.Api\Program.cs:line 32
2022-02-19 22:07:32.108 +06:00 [INF] Application Starting up
2022-02-19 22:16:16.797 +06:00 [INF] Application Starting up
2022-02-19 22:16:21.231 +06:00 [FTL] Application start-up failed
System.InvalidCastException: Unable to cast object of type 'Microsoft.Extensions.DependencyInjection.ServiceCollection' to type 'Autofac.ContainerBuilder'.
   at Microsoft.Extensions.Hosting.Internal.ConfigureContainerAdapter`1.ConfigureContainer(HostBuilderContext hostContext, Object containerBuilder)
   at Microsoft.Extensions.Hosting.HostBuilder.CreateServiceProvider()
   at Microsoft.Extensions.Hosting.HostBuilder.Build()
   at DapperCRUD.Api.Program.Main(String[] args) in D:\GitHub\DapperCRUD\DapperCRUD.Api\Program.cs:line 32
2022-02-19 22:20:34.473 +06:00 [INF] Application Starting up
2022-02-19 22:21:37.831 +06:00 [INF] Application Starting up
2022-02-19 22:25:41.076 +06:00 [INF] Application Starting up
2022-02-19 23:57:20.694 +06:00 [INF] Application Starting up
